{"/Users/taksu/Project/autoappcustomer/src/actions/action.account.ts": {"path":"/Users/taksu/Project/autoappcustomer/src/actions/action.account.ts","statementMap":{"0":{"start":{"line":4,"column":13},"end":{"line":4,"column":29}},"1":{"start":{"line":5,"column":13},"end":{"line":5,"column":45}},"2":{"start":{"line":7,"column":13},"end":{"line":7,"column":31}},"3":{"start":{"line":8,"column":13},"end":{"line":8,"column":47}},"4":{"start":{"line":10,"column":13},"end":{"line":10,"column":47}},"5":{"start":{"line":12,"column":13},"end":{"line":25,"column":3}},"6":{"start":{"line":17,"column":6},"end":{"line":25,"column":2}},"7":{"start":{"line":27,"column":13},"end":{"line":32,"column":3}},"8":{"start":{"line":27,"column":60},"end":{"line":32,"column":2}},"9":{"start":{"line":34,"column":13},"end":{"line":39,"column":3}},"10":{"start":{"line":34,"column":45},"end":{"line":39,"column":2}},"11":{"start":{"line":41,"column":13},"end":{"line":43,"column":3}},"12":{"start":{"line":41,"column":36},"end":{"line":43,"column":2}},"13":{"start":{"line":45,"column":13},"end":{"line":53,"column":3}},"14":{"start":{"line":45,"column":60},"end":{"line":53,"column":2}}},"fnMap":{"0":{"name":"(anonymous_0)","decl":{"start":{"line":12,"column":21},"end":{"line":12,"column":null}},"loc":{"start":{"line":17,"column":6},"end":{"line":25,"column":2}}},"1":{"name":"(anonymous_1)","decl":{"start":{"line":27,"column":28},"end":{"line":27,"column":29}},"loc":{"start":{"line":27,"column":60},"end":{"line":32,"column":2}}},"2":{"name":"(anonymous_2)","decl":{"start":{"line":34,"column":22},"end":{"line":34,"column":23}},"loc":{"start":{"line":34,"column":45},"end":{"line":39,"column":2}}},"3":{"name":"(anonymous_3)","decl":{"start":{"line":41,"column":29},"end":{"line":41,"column":32}},"loc":{"start":{"line":41,"column":36},"end":{"line":43,"column":2}}},"4":{"name":"(anonymous_4)","decl":{"start":{"line":45,"column":29},"end":{"line":45,"column":30}},"loc":{"start":{"line":45,"column":60},"end":{"line":53,"column":2}}}},"branchMap":{},"s":{"0":1,"1":1,"2":1,"3":1,"4":1,"5":1,"6":1,"7":1,"8":0,"9":1,"10":0,"11":1,"12":0,"13":1,"14":0},"f":{"0":1,"1":0,"2":0,"3":0,"4":0},"b":{}}
,"/Users/taksu/Project/autoappcustomer/src/constants/color.ts": {"path":"/Users/taksu/Project/autoappcustomer/src/constants/color.ts","statementMap":{"0":{"start":{"line":1,"column":14},"end":{"line":24,"column":2}},"1":{"start":{"line":26,"column":13},"end":{"line":30,"column":2}},"2":{"start":{"line":32,"column":0},"end":{"line":32,"column":21}}},"fnMap":{},"branchMap":{},"s":{"0":1,"1":1,"2":1},"f":{},"b":{}}
,"/Users/taksu/Project/autoappcustomer/src/modules/SplashScreen/SplashScreen.tsx": {"path":"/Users/taksu/Project/autoappcustomer/src/modules/SplashScreen/SplashScreen.tsx","statementMap":{"0":{"start":{"line":1,"column":0},"end":{"line":1,"column":26}},"1":{"start":{"line":2,"column":0},"end":{"line":2,"column":48}},"2":{"start":{"line":3,"column":0},"end":{"line":3,"column":42}},"3":{"start":{"line":12,"column":8},"end":{"line":12,"column":54}},"4":{"start":{"line":16,"column":15},"end":{"line":23,"column":2}},"5":{"start":{"line":25,"column":0},"end":{"line":25,"column":28}}},"fnMap":{"0":{"name":"(anonymous_1)","decl":{"start":{"line":11,"column":4},"end":{"line":11,"column":10}},"loc":{"start":{"line":11,"column":10},"end":{"line":13,"column":5}}}},"branchMap":{},"s":{"0":1,"1":1,"2":1,"3":1,"4":1,"5":1},"f":{"0":1},"b":{}}
}
